# JRE version: Java(TM) SE Runtime Environment (21.0.1+12) (build 21.0.1+12-LTS-29)
# Java VM: Java HotSpot(TM) 64-Bit Server VM (21.0.1+12-LTS-29, mixed mode, sharing, tiered, compressed oops, compressed class ptrs, g1 gc, windows-amd64)
GC Precious Log:
 CardTable entry size: 512
 Card Set container configuration: InlinePtr #cards 5 size 8 Array Of Cards #cards 12 size 40 Howl #buckets 4 coarsen threshold 1843 Howl Bitmap #cards 512 size 80 coarsen threshold 460 Card regions per heap region 1 cards per card region 2048
 CPUs: 4 total, 4 available
 Memory: 8050M
 Large Page Support: Disabled
 NUMA Support: Disabled
 Compressed Oops: Enabled (32-bit)
 Heap Region Size: 1M
 Heap Min Capacity: 8M
 Heap Initial Capacity: 126M
 Heap Max Capacity: 2014M
 Pre-touch: Disabled
 Parallel Workers: 4
 Concurrent Workers: 1
 Concurrent Refinement Workers: 4
 Periodic GC: Disabled
Heap:
 garbage-first heap   total 142336K, used 61454K [0x0000000082200000, 0x0000000100000000)
  region size 1024K, 3 young (3072K), 2 survivors (2048K)
 Metaspace       used 100538K, committed 101632K, reserved 1179648K
  class space    used 12426K, committed 12928K, reserved 1048576K
GC Heap History (20 events):
Event: 1209.407 GC heap before
{Heap before GC invocations=49 (full 1):
 garbage-first heap   total 142336K, used 128595K [0x0000000082200000, 0x0000000100000000)
  region size 1024K, 75 young (76800K), 5 survivors (5120K)
 Metaspace       used 99205K, committed 100096K, reserved 1179648K
  class space    used 12442K, committed 12864K, reserved 1048576K
}
Event: 1209.416 GC heap after
{Heap after GC invocations=50 (full 1):
 garbage-first heap   total 142336K, used 56977K [0x0000000082200000, 0x0000000100000000)
  region size 1024K, 5 young (5120K), 5 survivors (5120K)
 Metaspace       used 99205K, committed 100096K, reserved 1179648K
  class space    used 12442K, committed 12864K, reserved 1048576K
}
Event: 1365.770 GC heap before
{Heap before GC invocations=51 (full 1):
 garbage-first heap   total 142336K, used 127633K [0x0000000082200000, 0x0000000100000000)
  region size 1024K, 75 young (76800K), 5 survivors (5120K)
 Metaspace       used 99572K, committed 100416K, reserved 1179648K
  class space    used 12462K, committed 12864K, reserved 1048576K
}
Event: 1365.779 GC heap after
{Heap after GC invocations=52 (full 1):
 garbage-first heap   total 142336K, used 57430K [0x0000000082200000, 0x0000000100000000)
  region size 1024K, 6 young (6144K), 6 survivors (6144K)
 Metaspace       used 99572K, committed 100416K, reserved 1179648K
  class space    used 12462K, committed 12864K, reserved 1048576K
}
Event: 1512.182 GC heap before
{Heap before GC invocations=52 (full 1):
 garbage-first heap   total 142336K, used 126038K [0x0000000082200000, 0x0000000100000000)
  region size 1024K, 74 young (75776K), 6 survivors (6144K)
 Metaspace       used 99815K, committed 100672K, reserved 1179648K
  class space    used 12465K, committed 12864K, reserved 1048576K
}
Event: 1512.199 GC heap after
{Heap after GC invocations=53 (full 1):
 garbage-first heap   total 142336K, used 62025K [0x0000000082200000, 0x0000000100000000)
  region size 1024K, 10 young (10240K), 10 survivors (10240K)
 Metaspace       used 99815K, committed 100672K, reserved 1179648K
  class space    used 12465K, committed 12864K, reserved 1048576K
}
Event: 1685.685 GC heap before
{Heap before GC invocations=53 (full 1):
 garbage-first heap   total 142336K, used 123465K [0x0000000082200000, 0x0000000100000000)
  region size 1024K, 70 young (71680K), 10 survivors (10240K)
 Metaspace       used 100186K, committed 101056K, reserved 1179648K
  class space    used 12495K, committed 12928K, reserved 1048576K
}
Event: 1685.694 GC heap after
{Heap after GC invocations=54 (full 1):
 garbage-first heap   total 142336K, used 63147K [0x0000000082200000, 0x0000000100000000)
  region size 1024K, 1 young (1024K), 1 survivors (1024K)
 Metaspace       used 100186K, committed 101056K, reserved 1179648K
  class space    used 12495K, committed 12928K, reserved 1048576K
}
Event: 1849.607 GC heap before
{Heap before GC invocations=55 (full 1):
 garbage-first heap   total 142336K, used 132779K [0x0000000082200000, 0x0000000100000000)
  region size 1024K, 69 young (70656K), 1 survivors (1024K)
 Metaspace       used 100396K, committed 101312K, reserved 1179648K
  class space    used 12496K, committed 12928K, reserved 1048576K
}
Event: 1849.610 GC heap after
{Heap after GC invocations=56 (full 1):
 garbage-first heap   total 142336K, used 62885K [0x0000000082200000, 0x0000000100000000)
  region size 1024K, 1 young (1024K), 1 survivors (1024K)
 Metaspace       used 100396K, committed 101312K, reserved 1179648K
  class space    used 12496K, committed 12928K, reserved 1048576K
}
Event: 1986.924 GC heap before
{Heap before GC invocations=56 (full 1):
 garbage-first heap   total 142336K, used 131493K [0x0000000082200000, 0x0000000100000000)
  region size 1024K, 69 young (70656K), 1 survivors (1024K)
 Metaspace       used 100538K, committed 101440K, reserved 1179648K
  class space    used 12497K, committed 12928K, reserved 1048576K
}
Event: 1986.942 GC heap after
{Heap after GC invocations=57 (full 1):
 garbage-first heap   total 142336K, used 62462K [0x0000000082200000, 0x0000000100000000)
  region size 1024K, 1 young (1024K), 1 survivors (1024K)
 Metaspace       used 100538K, committed 101440K, reserved 1179648K
  class space    used 12497K, committed 12928K, reserved 1048576K
}
Event: 2081.596 GC heap before
{Heap before GC invocations=57 (full 1):
 garbage-first heap   total 142336K, used 131070K [0x0000000082200000, 0x0000000100000000)
  region size 1024K, 69 young (70656K), 1 survivors (1024K)
 Metaspace       used 100697K, committed 101632K, reserved 1179648K
  class space    used 12501K, committed 12928K, reserved 1048576K
}
Event: 2081.603 GC heap after
{Heap after GC invocations=58 (full 1):
 garbage-first heap   total 142336K, used 62762K [0x0000000082200000, 0x0000000100000000)
  region size 1024K, 2 young (2048K), 2 survivors (2048K)
 Metaspace       used 100697K, committed 101632K, reserved 1179648K
  class space    used 12501K, committed 12928K, reserved 1048576K
}
Event: 2321.434 GC heap before
{Heap before GC invocations=59 (full 1):
 garbage-first heap   total 142336K, used 130346K [0x0000000082200000, 0x0000000100000000)
  region size 1024K, 68 young (69632K), 2 survivors (2048K)
 Metaspace       used 100446K, committed 101632K, reserved 1179648K
  class space    used 12425K, committed 12928K, reserved 1048576K
}
Event: 2321.441 GC heap after
{Heap after GC invocations=60 (full 1):
 garbage-first heap   total 142336K, used 62562K [0x0000000082200000, 0x0000000100000000)
  region size 1024K, 2 young (2048K), 2 survivors (2048K)
 Metaspace       used 100446K, committed 101632K, reserved 1179648K
  class space    used 12425K, committed 12928K, reserved 1048576K
}
Event: 2491.355 GC heap before
{Heap before GC invocations=60 (full 1):
 garbage-first heap   total 142336K, used 129122K [0x0000000082200000, 0x0000000100000000)
  region size 1024K, 68 young (69632K), 2 survivors (2048K)
 Metaspace       used 100496K, committed 101632K, reserved 1179648K
  class space    used 12426K, committed 12928K, reserved 1048576K
}
Event: 2491.370 GC heap after
{Heap after GC invocations=61 (full 1):
 garbage-first heap   total 142336K, used 61502K [0x0000000082200000, 0x0000000100000000)
  region size 1024K, 2 young (2048K), 2 survivors (2048K)
 Metaspace       used 100496K, committed 101632K, reserved 1179648K
  class space    used 12426K, committed 12928K, reserved 1048576K
}
Event: 2714.257 GC heap before
{Heap before GC invocations=61 (full 1):
 garbage-first heap   total 142336K, used 131134K [0x0000000082200000, 0x0000000100000000)
  region size 1024K, 70 young (71680K), 2 survivors (2048K)
 Metaspace       used 100536K, committed 101632K, reserved 1179648K
  class space    used 12426K, committed 12928K, reserved 1048576K
}
Event: 2714.262 GC heap after
{Heap after GC invocations=62 (full 1):
 garbage-first heap   total 142336K, used 61454K [0x0000000082200000, 0x0000000100000000)
  region size 1024K, 2 young (2048K), 2 survivors (2048K)
 Metaspace       used 100536K, committed 101632K, reserved 1179648K
  class space    used 12426K, committed 12928K, reserved 1048576K
}

